<?xml version="1.0" encoding="UTF-8"?>
<!-- Generated by org.testng.reporters.JUnitReportReporter -->
<testsuite hostname="MANI" failures="0" tests="2" name="com.w3schools.tests.LoginTest" time="75.649" errors="0" timestamp="2023-08-17T12:46:52 IST" skipped="0">
  <testcase classname="com.w3schools.tests.LoginTest" name="loginWithInvalidEmail" time="57.107"/>
  <testcase classname="com.w3schools.tests.LoginTest" name="loginWithValidCredentials" time="18.542"/>
</testsuite> <!-- com.w3schools.tests.LoginTest -->
